Vivado Simulator 2019.2
Copyright 1986-1999, 2001-2019 Xilinx, Inc. All Rights Reserved.
Running: D:/Xilinx/Vivado/Vivado/2019.2/bin/unwrapped/win64.o/xelab.exe -wto 8507faa7534140f8a7f70ff1344981fa --incr --debug typical --relax --mt 2 -L blk_mem_gen_v8_4_4 -L xil_defaultlib -L unisims_ver -L unimacro_ver -L secureip -L xpm --snapshot Cache_tb_behav xil_defaultlib.Cache_tb xil_defaultlib.glbl -log elaborate.log 
Using 2 slave threads.
Starting static elaboration
Pass Through NonSizing Optimizer
Completed static elaboration
Starting simulation data flow analysis
Completed simulation data flow analysis
Time Resolution for simulation is 1ps
Compiling module xil_defaultlib.Address_Decoder
Compiling module blk_mem_gen_v8_4_4.blk_mem_gen_v8_4_4_output_stage(...
Compiling module blk_mem_gen_v8_4_4.blk_mem_gen_v8_4_4_output_stage(...
Compiling module blk_mem_gen_v8_4_4.blk_mem_gen_v8_4_4_softecc_outpu...
Compiling module blk_mem_gen_v8_4_4.blk_mem_gen_v8_4_4_mem_module(C_...
Compiling module blk_mem_gen_v8_4_4.blk_mem_axi_regs_fwd_v8_4(C_DATA...
Compiling module blk_mem_gen_v8_4_4.blk_mem_gen_v8_4_4(C_FAMILY="art...
Compiling module xil_defaultlib.blk_mem_1
Compiling module xil_defaultlib.BRAMs
Compiling module xil_defaultlib.Data_Select
Compiling module xil_defaultlib.Offset_Mux
Compiling module xil_defaultlib.Write_Select
Compiling module xil_defaultlib.Hit_Count
Compiling module xil_defaultlib.Cache_Top
Compiling module xil_defaultlib.Cache_tb
Compiling module xil_defaultlib.glbl
Built simulation snapshot Cache_tb_behav
