Vivado Simulator 2019.2
Copyright 1986-1999, 2001-2019 Xilinx, Inc. All Rights Reserved.
Running: D:/Xilinx/Vivado/Vivado/2019.2/bin/unwrapped/win64.o/xelab.exe -wto 8507faa7534140f8a7f70ff1344981fa --incr --debug typical --relax --mt 2 -L xil_defaultlib -L unisims_ver -L secureip --snapshot Cache_tb_func_synth xil_defaultlib.Cache_tb xil_defaultlib.glbl -log elaborate.log 
Using 2 slave threads.
Starting static elaboration
Pass Through NonSizing Optimizer
Completed static elaboration
Starting simulation data flow analysis
Completed simulation data flow analysis
Time Resolution for simulation is 1ps
Compiling module unisims_ver.IBUF
Compiling module unisims_ver.BUFG
Compiling module unisims_ver.OBUF
Compiling module unisims_ver.LUT4
Compiling module unisims_ver.GND
Compiling module unisims_ver.RB18_INTERNAL_VLOG(DOA_REG=1,DOB...
Compiling module unisims_ver.RAMB18E1(DOA_REG=1,DOB_REG=1,REA...
Compiling module xil_defaultlib.blk_mem_1__blk_mem_gen_prim_wrap...
Compiling module xil_defaultlib.blk_mem_1__blk_mem_gen_prim_widt...
Compiling module unisims_ver.RB36_INTERNAL_VLOG(DOA_REG=1,DOB...
Compiling module unisims_ver.RAMB36E1(DOA_REG=1,DOB_REG=1,REA...
Compiling module xil_defaultlib.blk_mem_1__blk_mem_gen_prim_wrap...
Compiling module xil_defaultlib.blk_mem_1__blk_mem_gen_prim_widt...
Compiling module xil_defaultlib.blk_mem_1__blk_mem_gen_prim_wrap...
Compiling module xil_defaultlib.blk_mem_1__blk_mem_gen_prim_widt...
Compiling module xil_defaultlib.blk_mem_1__blk_mem_gen_prim_wrap...
Compiling module xil_defaultlib.blk_mem_1__blk_mem_gen_prim_widt...
Compiling module xil_defaultlib.blk_mem_1__blk_mem_gen_prim_wrap...
Compiling module xil_defaultlib.blk_mem_1__blk_mem_gen_prim_widt...
Compiling module xil_defaultlib.blk_mem_1__blk_mem_gen_prim_wrap...
Compiling module xil_defaultlib.blk_mem_1__blk_mem_gen_prim_widt...
Compiling module xil_defaultlib.blk_mem_1__blk_mem_gen_prim_wrap...
Compiling module xil_defaultlib.blk_mem_1__blk_mem_gen_prim_widt...
Compiling module xil_defaultlib.blk_mem_1__blk_mem_gen_prim_wrap...
Compiling module xil_defaultlib.blk_mem_1__blk_mem_gen_prim_widt...
Compiling module xil_defaultlib.blk_mem_1__blk_mem_gen_prim_wrap...
Compiling module xil_defaultlib.blk_mem_1__blk_mem_gen_prim_widt...
Compiling module xil_defaultlib.blk_mem_1__blk_mem_gen_prim_wrap...
Compiling module xil_defaultlib.blk_mem_1__blk_mem_gen_prim_widt...
Compiling module xil_defaultlib.blk_mem_1__blk_mem_gen_prim_wrap...
Compiling module xil_defaultlib.blk_mem_1__blk_mem_gen_prim_widt...
Compiling module xil_defaultlib.blk_mem_1__blk_mem_gen_prim_wrap...
Compiling module xil_defaultlib.blk_mem_1__blk_mem_gen_prim_widt...
Compiling module xil_defaultlib.blk_mem_1__blk_mem_gen_prim_wrap...
Compiling module xil_defaultlib.blk_mem_1__blk_mem_gen_prim_widt...
Compiling module xil_defaultlib.blk_mem_1__blk_mem_gen_prim_wrap...
Compiling module xil_defaultlib.blk_mem_1__blk_mem_gen_prim_widt...
Compiling module xil_defaultlib.blk_mem_1__blk_mem_gen_prim_wrap...
Compiling module xil_defaultlib.blk_mem_1__blk_mem_gen_prim_widt...
Compiling module xil_defaultlib.blk_mem_1__blk_mem_gen_prim_wrap...
Compiling module xil_defaultlib.blk_mem_1__blk_mem_gen_prim_widt...
Compiling module xil_defaultlib.blk_mem_1__blk_mem_gen_prim_wrap...
Compiling module xil_defaultlib.blk_mem_1__blk_mem_gen_prim_widt...
Compiling module xil_defaultlib.blk_mem_1__blk_mem_gen_generic_c...
Compiling module xil_defaultlib.blk_mem_1__blk_mem_gen_top
Compiling module xil_defaultlib.blk_mem_1__blk_mem_gen_v8_4_4_sy...
Compiling module xil_defaultlib.blk_mem_1__blk_mem_gen_v8_4_4
Compiling module xil_defaultlib.blk_mem_1
Compiling module unisims_ver.LUT6
Compiling module unisims_ver.x_lut2_mux4
Compiling module unisims_ver.LUT2
Compiling module unisims_ver.LUT5
Compiling module xil_defaultlib.BRAMs
Compiling module unisims_ver.CARRY4
Compiling module xil_defaultlib.Data_Select
Compiling module unisims_ver.x_lut1_mux2
Compiling module unisims_ver.LUT1
Compiling module unisims_ver.x_lut3_mux8
Compiling module unisims_ver.LUT3
Compiling module unisims_ver.FDCE_default
Compiling module xil_defaultlib.Hit_Count
Compiling module unisims_ver.FDRE_default
Compiling module xil_defaultlib.Write_Select
Compiling module xil_defaultlib.Cache_Top
Compiling module xil_defaultlib.Cache_tb
Compiling module xil_defaultlib.glbl
Built simulation snapshot Cache_tb_func_synth
